[0.226s] DEBUG:colcon:Command line arguments: ['/usr/bin/colcon', 'build', '--packages-select', 'oakd_pkg']
[0.226s] DEBUG:colcon:Parsed command line arguments: Namespace(log_base=None, log_level=None, verb_name='build', build_base='build', install_base='install', merge_install=False, symlink_install=False, test_result_base=None, continue_on_error=False, executor='parallel', parallel_workers=12, event_handlers=None, ignore_user_meta=False, metas=['./colcon.meta'], base_paths=['.'], packages_ignore=None, packages_ignore_regex=None, paths=None, packages_up_to=None, packages_up_to_regex=None, packages_above=None, packages_above_and_dependencies=None, packages_above_depth=None, packages_select_by_dep=None, packages_skip_by_dep=None, packages_skip_up_to=None, packages_select_build_failed=False, packages_skip_build_finished=False, packages_select_test_failures=False, packages_skip_test_passed=False, packages_select=['oakd_pkg'], packages_skip=None, packages_select_regex=None, packages_skip_regex=None, packages_start=None, packages_end=None, allow_overriding=[], cmake_args=None, cmake_target=None, cmake_target_skip_unavailable=False, cmake_clean_cache=False, cmake_clean_first=False, cmake_force_configure=False, ament_cmake_args=None, catkin_cmake_args=None, catkin_skip_building_tests=False, verb_parser=<colcon_defaults.argument_parser.defaults.DefaultArgumentsDecorator object at 0xffff7e77a740>, verb_extension=<colcon_core.verb.build.BuildVerb object at 0xffff7e77a200>, main=<bound method BuildVerb.main of <colcon_core.verb.build.BuildVerb object at 0xffff7e77a200>>)
[0.594s] Level 1:colcon.colcon_core.package_discovery:discover_packages(colcon_meta) check parameters
[0.594s] Level 1:colcon.colcon_core.package_discovery:discover_packages(recursive) check parameters
[0.594s] Level 1:colcon.colcon_core.package_discovery:discover_packages(ignore) check parameters
[0.594s] Level 1:colcon.colcon_core.package_discovery:discover_packages(path) check parameters
[0.594s] Level 1:colcon.colcon_core.package_discovery:discover_packages(colcon_meta) discover
[0.594s] Level 1:colcon.colcon_core.package_discovery:discover_packages(recursive) discover
[0.595s] INFO:colcon.colcon_core.package_discovery:Crawling recursively for packages in '/home/minashigo/ros2_ws/src/oakd_pkg'
[0.595s] Level 1:colcon.colcon_core.package_identification:_identify(.) by extensions ['ignore', 'ignore_ament_install']
[0.595s] Level 1:colcon.colcon_core.package_identification:_identify(.) by extension 'ignore'
[0.595s] Level 1:colcon.colcon_core.package_identification:_identify(.) by extension 'ignore_ament_install'
[0.596s] Level 1:colcon.colcon_core.package_identification:_identify(.) by extensions ['colcon_pkg']
[0.596s] Level 1:colcon.colcon_core.package_identification:_identify(.) by extension 'colcon_pkg'
[0.596s] Level 1:colcon.colcon_core.package_identification:_identify(.) by extensions ['colcon_meta']
[0.596s] Level 1:colcon.colcon_core.package_identification:_identify(.) by extension 'colcon_meta'
[0.596s] Level 1:colcon.colcon_core.package_identification:_identify(.) by extensions ['ros']
[0.596s] Level 1:colcon.colcon_core.package_identification:_identify(.) by extension 'ros'
[0.623s] DEBUG:colcon.colcon_core.package_identification:Package '.' with type 'ros.ament_python' and name 'oakd_pkg'
[0.623s] Level 1:colcon.colcon_core.package_discovery:discover_packages(recursive) using defaults
[0.623s] Level 1:colcon.colcon_core.package_discovery:discover_packages(ignore) discover
[0.624s] Level 1:colcon.colcon_core.package_discovery:discover_packages(ignore) using defaults
[0.624s] Level 1:colcon.colcon_core.package_discovery:discover_packages(path) discover
[0.624s] Level 1:colcon.colcon_core.package_discovery:discover_packages(path) using defaults
[0.688s] Level 1:colcon.colcon_core.package_discovery:discover_packages(prefix_path) check parameters
[0.688s] Level 1:colcon.colcon_core.package_discovery:discover_packages(prefix_path) discover
[0.693s] DEBUG:colcon.colcon_installed_package_information.package_discovery:Found 1 installed packages in /home/minashigo/livox_ws/install
[0.695s] DEBUG:colcon.colcon_installed_package_information.package_discovery:Found 20 installed packages in /home/minashigo/ros2_ws/install
[0.698s] DEBUG:colcon.colcon_installed_package_information.package_discovery:Found 344 installed packages in /opt/ros/humble
[0.701s] Level 1:colcon.colcon_core.package_discovery:discover_packages(prefix_path) using defaults
[0.795s] Level 5:colcon.colcon_core.verb:set package 'oakd_pkg' build argument 'cmake_args' from command line to 'None'
[0.795s] Level 5:colcon.colcon_core.verb:set package 'oakd_pkg' build argument 'cmake_target' from command line to 'None'
[0.795s] Level 5:colcon.colcon_core.verb:set package 'oakd_pkg' build argument 'cmake_target_skip_unavailable' from command line to 'False'
[0.795s] Level 5:colcon.colcon_core.verb:set package 'oakd_pkg' build argument 'cmake_clean_cache' from command line to 'False'
[0.795s] Level 5:colcon.colcon_core.verb:set package 'oakd_pkg' build argument 'cmake_clean_first' from command line to 'False'
[0.795s] Level 5:colcon.colcon_core.verb:set package 'oakd_pkg' build argument 'cmake_force_configure' from command line to 'False'
[0.795s] Level 5:colcon.colcon_core.verb:set package 'oakd_pkg' build argument 'ament_cmake_args' from command line to 'None'
[0.796s] Level 5:colcon.colcon_core.verb:set package 'oakd_pkg' build argument 'catkin_cmake_args' from command line to 'None'
[0.796s] Level 5:colcon.colcon_core.verb:set package 'oakd_pkg' build argument 'catkin_skip_building_tests' from command line to 'False'
[0.796s] DEBUG:colcon.colcon_core.verb:Building package 'oakd_pkg' with the following arguments: {'ament_cmake_args': None, 'build_base': '/home/minashigo/ros2_ws/src/oakd_pkg/build/oakd_pkg', 'catkin_cmake_args': None, 'catkin_skip_building_tests': False, 'cmake_args': None, 'cmake_clean_cache': False, 'cmake_clean_first': False, 'cmake_force_configure': False, 'cmake_target': None, 'cmake_target_skip_unavailable': False, 'install_base': '/home/minashigo/ros2_ws/src/oakd_pkg/install/oakd_pkg', 'merge_install': False, 'path': '/home/minashigo/ros2_ws/src/oakd_pkg', 'symlink_install': False, 'test_result_base': None}
[0.796s] INFO:colcon.colcon_core.executor:Executing jobs using 'parallel' executor
[0.798s] DEBUG:colcon.colcon_parallel_executor.executor.parallel:run_until_complete
[0.799s] INFO:colcon.colcon_ros.task.ament_python.build:Building ROS package in '/home/minashigo/ros2_ws/src/oakd_pkg' with build type 'ament_python'
[0.799s] Level 1:colcon.colcon_core.shell:create_environment_hook('oakd_pkg', 'ament_prefix_path')
[0.803s] INFO:colcon.colcon_core.plugin_system:Skipping extension 'colcon_core.shell.bat': Not used on non-Windows systems
[0.803s] INFO:colcon.colcon_core.shell:Creating environment hook '/home/minashigo/ros2_ws/src/oakd_pkg/install/oakd_pkg/share/oakd_pkg/hook/ament_prefix_path.ps1'
[0.805s] INFO:colcon.colcon_core.shell:Creating environment descriptor '/home/minashigo/ros2_ws/src/oakd_pkg/install/oakd_pkg/share/oakd_pkg/hook/ament_prefix_path.dsv'
[0.806s] INFO:colcon.colcon_core.shell:Creating environment hook '/home/minashigo/ros2_ws/src/oakd_pkg/install/oakd_pkg/share/oakd_pkg/hook/ament_prefix_path.sh'
[0.808s] INFO:colcon.colcon_core.shell:Skip shell extension 'powershell' for command environment: Not usable outside of PowerShell
[0.808s] DEBUG:colcon.colcon_core.shell:Skip shell extension 'dsv' for command environment
[1.387s] INFO:colcon.colcon_core.task.python.build:Building Python package in '/home/minashigo/ros2_ws/src/oakd_pkg'
[1.387s] INFO:colcon.colcon_core.shell:Skip shell extension 'powershell' for command environment: Not usable outside of PowerShell
[1.388s] DEBUG:colcon.colcon_core.shell:Skip shell extension 'dsv' for command environment
[2.123s] DEBUG:colcon.colcon_core.event_handler.log_command:Invoking command in '/home/minashigo/ros2_ws/src/oakd_pkg': PYTHONPATH=/home/minashigo/ros2_ws/src/oakd_pkg/build/oakd_pkg/prefix_override:/usr/lib/python3/dist-packages/colcon_core/task/python/colcon_distutils_commands:/home/minashigo/ros2_ws/src/oakd_pkg/install/oakd_pkg/lib/python3.10/site-packages:${PYTHONPATH} /usr/bin/python3 -W ignore:setup.py install is deprecated setup.py egg_info --egg-base build/oakd_pkg build --build-base /home/minashigo/ros2_ws/src/oakd_pkg/build/oakd_pkg/build install --record /home/minashigo/ros2_ws/src/oakd_pkg/build/oakd_pkg/install.log --single-version-externally-managed install_data
[2.778s] DEBUG:colcon.colcon_core.event_handler.log_command:Invoked command in '/home/minashigo/ros2_ws/src/oakd_pkg' returned '0': PYTHONPATH=/home/minashigo/ros2_ws/src/oakd_pkg/build/oakd_pkg/prefix_override:/usr/lib/python3/dist-packages/colcon_core/task/python/colcon_distutils_commands:/home/minashigo/ros2_ws/src/oakd_pkg/install/oakd_pkg/lib/python3.10/site-packages:${PYTHONPATH} /usr/bin/python3 -W ignore:setup.py install is deprecated setup.py egg_info --egg-base build/oakd_pkg build --build-base /home/minashigo/ros2_ws/src/oakd_pkg/build/oakd_pkg/build install --record /home/minashigo/ros2_ws/src/oakd_pkg/build/oakd_pkg/install.log --single-version-externally-managed install_data
[2.785s] Level 1:colcon.colcon_core.environment:checking '/home/minashigo/ros2_ws/src/oakd_pkg/install/oakd_pkg' for CMake module files
[2.787s] Level 1:colcon.colcon_core.environment:checking '/home/minashigo/ros2_ws/src/oakd_pkg/install/oakd_pkg' for CMake config files
[2.790s] Level 1:colcon.colcon_core.environment:checking '/home/minashigo/ros2_ws/src/oakd_pkg/install/oakd_pkg/lib'
[2.790s] Level 1:colcon.colcon_core.environment:checking '/home/minashigo/ros2_ws/src/oakd_pkg/install/oakd_pkg/bin'
[2.791s] Level 1:colcon.colcon_core.environment:checking '/home/minashigo/ros2_ws/src/oakd_pkg/install/oakd_pkg/lib/pkgconfig/oakd_pkg.pc'
[2.791s] Level 1:colcon.colcon_core.environment:checking '/home/minashigo/ros2_ws/src/oakd_pkg/install/oakd_pkg/lib/python3.10/site-packages'
[2.792s] Level 1:colcon.colcon_core.shell:create_environment_hook('oakd_pkg', 'pythonpath')
[2.792s] INFO:colcon.colcon_core.shell:Creating environment hook '/home/minashigo/ros2_ws/src/oakd_pkg/install/oakd_pkg/share/oakd_pkg/hook/pythonpath.ps1'
[2.794s] INFO:colcon.colcon_core.shell:Creating environment descriptor '/home/minashigo/ros2_ws/src/oakd_pkg/install/oakd_pkg/share/oakd_pkg/hook/pythonpath.dsv'
[2.795s] INFO:colcon.colcon_core.shell:Creating environment hook '/home/minashigo/ros2_ws/src/oakd_pkg/install/oakd_pkg/share/oakd_pkg/hook/pythonpath.sh'
[2.797s] Level 1:colcon.colcon_core.environment:checking '/home/minashigo/ros2_ws/src/oakd_pkg/install/oakd_pkg/bin'
[2.797s] Level 1:colcon.colcon_core.environment:create_environment_scripts_only(oakd_pkg)
[2.798s] INFO:colcon.colcon_core.shell:Creating package script '/home/minashigo/ros2_ws/src/oakd_pkg/install/oakd_pkg/share/oakd_pkg/package.ps1'
[2.801s] INFO:colcon.colcon_core.shell:Creating package descriptor '/home/minashigo/ros2_ws/src/oakd_pkg/install/oakd_pkg/share/oakd_pkg/package.dsv'
[2.803s] INFO:colcon.colcon_core.shell:Creating package script '/home/minashigo/ros2_ws/src/oakd_pkg/install/oakd_pkg/share/oakd_pkg/package.sh'
[2.806s] INFO:colcon.colcon_core.shell:Creating package script '/home/minashigo/ros2_ws/src/oakd_pkg/install/oakd_pkg/share/oakd_pkg/package.bash'
[2.809s] INFO:colcon.colcon_core.shell:Creating package script '/home/minashigo/ros2_ws/src/oakd_pkg/install/oakd_pkg/share/oakd_pkg/package.zsh'
[2.812s] Level 1:colcon.colcon_core.environment:create_file_with_runtime_dependencies(/home/minashigo/ros2_ws/src/oakd_pkg/install/oakd_pkg/share/colcon-core/packages/oakd_pkg)
[2.813s] DEBUG:colcon.colcon_parallel_executor.executor.parallel:closing loop
[2.814s] DEBUG:colcon.colcon_parallel_executor.executor.parallel:loop closed
[2.814s] DEBUG:colcon.colcon_parallel_executor.executor.parallel:run_until_complete finished with '0'
[2.814s] DEBUG:colcon.colcon_core.event_reactor:joining thread
[2.833s] INFO:colcon.colcon_core.plugin_system:Skipping extension 'colcon_notification.desktop_notification.terminal_notifier': Not used on non-Darwin systems
[2.833s] INFO:colcon.colcon_core.plugin_system:Skipping extension 'colcon_notification.desktop_notification.win32': Not used on non-Windows systems
[2.833s] INFO:colcon.colcon_notification.desktop_notification:Sending desktop notification using 'notify2'
[2.857s] DEBUG:colcon.colcon_core.event_reactor:joined thread
[2.858s] INFO:colcon.colcon_core.shell:Creating prefix script '/home/minashigo/ros2_ws/src/oakd_pkg/install/local_setup.ps1'
[2.861s] INFO:colcon.colcon_core.shell:Creating prefix util module '/home/minashigo/ros2_ws/src/oakd_pkg/install/_local_setup_util_ps1.py'
[2.864s] INFO:colcon.colcon_core.shell:Creating prefix chain script '/home/minashigo/ros2_ws/src/oakd_pkg/install/setup.ps1'
[2.869s] INFO:colcon.colcon_core.shell:Creating prefix script '/home/minashigo/ros2_ws/src/oakd_pkg/install/local_setup.sh'
[2.871s] INFO:colcon.colcon_core.shell:Creating prefix util module '/home/minashigo/ros2_ws/src/oakd_pkg/install/_local_setup_util_sh.py'
[2.873s] INFO:colcon.colcon_core.shell:Creating prefix chain script '/home/minashigo/ros2_ws/src/oakd_pkg/install/setup.sh'
[2.878s] INFO:colcon.colcon_core.shell:Creating prefix script '/home/minashigo/ros2_ws/src/oakd_pkg/install/local_setup.bash'
[2.880s] INFO:colcon.colcon_core.shell:Creating prefix chain script '/home/minashigo/ros2_ws/src/oakd_pkg/install/setup.bash'
[2.886s] INFO:colcon.colcon_core.shell:Creating prefix script '/home/minashigo/ros2_ws/src/oakd_pkg/install/local_setup.zsh'
[2.887s] INFO:colcon.colcon_core.shell:Creating prefix chain script '/home/minashigo/ros2_ws/src/oakd_pkg/install/setup.zsh'
