running egg_info
creating build/oakd_pkg/oakd_pkg.egg-info
writing build/oakd_pkg/oakd_pkg.egg-info/PKG-INFO
writing dependency_links to build/oakd_pkg/oakd_pkg.egg-info/dependency_links.txt
writing entry points to build/oakd_pkg/oakd_pkg.egg-info/entry_points.txt
writing requirements to build/oakd_pkg/oakd_pkg.egg-info/requires.txt
writing top-level names to build/oakd_pkg/oakd_pkg.egg-info/top_level.txt
writing manifest file 'build/oakd_pkg/oakd_pkg.egg-info/SOURCES.txt'
reading manifest file 'build/oakd_pkg/oakd_pkg.egg-info/SOURCES.txt'
writing manifest file 'build/oakd_pkg/oakd_pkg.egg-info/SOURCES.txt'
running build
running build_py
creating /home/minashigo/ros2_ws/src/oakd_pkg/build/oakd_pkg/build
creating /home/minashigo/ros2_ws/src/oakd_pkg/build/oakd_pkg/build/lib
creating /home/minashigo/ros2_ws/src/oakd_pkg/build/oakd_pkg/build/lib/oakd_pkg
copying oakd_pkg/yolo_detection.py -> /home/minashigo/ros2_ws/src/oakd_pkg/build/oakd_pkg/build/lib/oakd_pkg
copying oakd_pkg/__init__.py -> /home/minashigo/ros2_ws/src/oakd_pkg/build/oakd_pkg/build/lib/oakd_pkg
copying oakd_pkg/image_topic_test.py -> /home/minashigo/ros2_ws/src/oakd_pkg/build/oakd_pkg/build/lib/oakd_pkg
running install
running install_lib
creating /home/minashigo/ros2_ws/src/oakd_pkg/install/oakd_pkg/lib/python3.10/site-packages/oakd_pkg
copying /home/minashigo/ros2_ws/src/oakd_pkg/build/oakd_pkg/build/lib/oakd_pkg/yolo_detection.py -> /home/minashigo/ros2_ws/src/oakd_pkg/install/oakd_pkg/lib/python3.10/site-packages/oakd_pkg
copying /home/minashigo/ros2_ws/src/oakd_pkg/build/oakd_pkg/build/lib/oakd_pkg/__init__.py -> /home/minashigo/ros2_ws/src/oakd_pkg/install/oakd_pkg/lib/python3.10/site-packages/oakd_pkg
copying /home/minashigo/ros2_ws/src/oakd_pkg/build/oakd_pkg/build/lib/oakd_pkg/image_topic_test.py -> /home/minashigo/ros2_ws/src/oakd_pkg/install/oakd_pkg/lib/python3.10/site-packages/oakd_pkg
byte-compiling /home/minashigo/ros2_ws/src/oakd_pkg/install/oakd_pkg/lib/python3.10/site-packages/oakd_pkg/yolo_detection.py to yolo_detection.cpython-310.pyc
byte-compiling /home/minashigo/ros2_ws/src/oakd_pkg/install/oakd_pkg/lib/python3.10/site-packages/oakd_pkg/__init__.py to __init__.cpython-310.pyc
byte-compiling /home/minashigo/ros2_ws/src/oakd_pkg/install/oakd_pkg/lib/python3.10/site-packages/oakd_pkg/image_topic_test.py to image_topic_test.cpython-310.pyc
running install_data
creating /home/minashigo/ros2_ws/src/oakd_pkg/install/oakd_pkg/share/ament_index
creating /home/minashigo/ros2_ws/src/oakd_pkg/install/oakd_pkg/share/ament_index/resource_index
creating /home/minashigo/ros2_ws/src/oakd_pkg/install/oakd_pkg/share/ament_index/resource_index/packages
copying resource/oakd_pkg -> /home/minashigo/ros2_ws/src/oakd_pkg/install/oakd_pkg/share/ament_index/resource_index/packages
copying package.xml -> /home/minashigo/ros2_ws/src/oakd_pkg/install/oakd_pkg/share/oakd_pkg
running install_egg_info
Copying build/oakd_pkg/oakd_pkg.egg-info to /home/minashigo/ros2_ws/src/oakd_pkg/install/oakd_pkg/lib/python3.10/site-packages/oakd_pkg-0.0.0-py3.10.egg-info
running install_scripts
Installing image_topic_test script to /home/minashigo/ros2_ws/src/oakd_pkg/install/oakd_pkg/lib/oakd_pkg
Installing yolo_detection script to /home/minashigo/ros2_ws/src/oakd_pkg/install/oakd_pkg/lib/oakd_pkg
writing list of installed files to '/home/minashigo/ros2_ws/src/oakd_pkg/build/oakd_pkg/install.log'
