[1.323s] Invoking command in '/home/minashigo/ros2_ws/src/oakd_pkg': PYTHONPATH=/home/minashigo/ros2_ws/src/oakd_pkg/build/oakd_pkg/prefix_override:/usr/lib/python3/dist-packages/colcon_core/task/python/colcon_distutils_commands:/home/minashigo/ros2_ws/src/oakd_pkg/install/oakd_pkg/lib/python3.10/site-packages:${PYTHONPATH} /usr/bin/python3 -W ignore:setup.py install is deprecated setup.py egg_info --egg-base build/oakd_pkg build --build-base /home/minashigo/ros2_ws/src/oakd_pkg/build/oakd_pkg/build install --record /home/minashigo/ros2_ws/src/oakd_pkg/build/oakd_pkg/install.log --single-version-externally-managed install_data
[1.852s] running egg_info
[1.853s] creating build/oakd_pkg/oakd_pkg.egg-info
[1.853s] writing build/oakd_pkg/oakd_pkg.egg-info/PKG-INFO
[1.854s] writing dependency_links to build/oakd_pkg/oakd_pkg.egg-info/dependency_links.txt
[1.854s] writing entry points to build/oakd_pkg/oakd_pkg.egg-info/entry_points.txt
[1.854s] writing requirements to build/oakd_pkg/oakd_pkg.egg-info/requires.txt
[1.854s] writing top-level names to build/oakd_pkg/oakd_pkg.egg-info/top_level.txt
[1.855s] writing manifest file 'build/oakd_pkg/oakd_pkg.egg-info/SOURCES.txt'
[1.859s] reading manifest file 'build/oakd_pkg/oakd_pkg.egg-info/SOURCES.txt'
[1.860s] writing manifest file 'build/oakd_pkg/oakd_pkg.egg-info/SOURCES.txt'
[1.860s] running build
[1.860s] running build_py
[1.861s] creating /home/minashigo/ros2_ws/src/oakd_pkg/build/oakd_pkg/build
[1.861s] creating /home/minashigo/ros2_ws/src/oakd_pkg/build/oakd_pkg/build/lib
[1.861s] creating /home/minashigo/ros2_ws/src/oakd_pkg/build/oakd_pkg/build/lib/oakd_pkg
[1.861s] copying oakd_pkg/yolo_detection.py -> /home/minashigo/ros2_ws/src/oakd_pkg/build/oakd_pkg/build/lib/oakd_pkg
[1.861s] copying oakd_pkg/__init__.py -> /home/minashigo/ros2_ws/src/oakd_pkg/build/oakd_pkg/build/lib/oakd_pkg
[1.862s] copying oakd_pkg/image_topic_test.py -> /home/minashigo/ros2_ws/src/oakd_pkg/build/oakd_pkg/build/lib/oakd_pkg
[1.862s] running install
[1.863s] running install_lib
[1.864s] creating /home/minashigo/ros2_ws/src/oakd_pkg/install/oakd_pkg/lib/python3.10/site-packages/oakd_pkg
[1.864s] copying /home/minashigo/ros2_ws/src/oakd_pkg/build/oakd_pkg/build/lib/oakd_pkg/yolo_detection.py -> /home/minashigo/ros2_ws/src/oakd_pkg/install/oakd_pkg/lib/python3.10/site-packages/oakd_pkg
[1.864s] copying /home/minashigo/ros2_ws/src/oakd_pkg/build/oakd_pkg/build/lib/oakd_pkg/__init__.py -> /home/minashigo/ros2_ws/src/oakd_pkg/install/oakd_pkg/lib/python3.10/site-packages/oakd_pkg
[1.865s] copying /home/minashigo/ros2_ws/src/oakd_pkg/build/oakd_pkg/build/lib/oakd_pkg/image_topic_test.py -> /home/minashigo/ros2_ws/src/oakd_pkg/install/oakd_pkg/lib/python3.10/site-packages/oakd_pkg
[1.866s] byte-compiling /home/minashigo/ros2_ws/src/oakd_pkg/install/oakd_pkg/lib/python3.10/site-packages/oakd_pkg/yolo_detection.py to yolo_detection.cpython-310.pyc
[1.868s] byte-compiling /home/minashigo/ros2_ws/src/oakd_pkg/install/oakd_pkg/lib/python3.10/site-packages/oakd_pkg/__init__.py to __init__.cpython-310.pyc
[1.868s] byte-compiling /home/minashigo/ros2_ws/src/oakd_pkg/install/oakd_pkg/lib/python3.10/site-packages/oakd_pkg/image_topic_test.py to image_topic_test.cpython-310.pyc
[1.870s] running install_data
[1.871s] creating /home/minashigo/ros2_ws/src/oakd_pkg/install/oakd_pkg/share/ament_index
[1.871s] creating /home/minashigo/ros2_ws/src/oakd_pkg/install/oakd_pkg/share/ament_index/resource_index
[1.871s] creating /home/minashigo/ros2_ws/src/oakd_pkg/install/oakd_pkg/share/ament_index/resource_index/packages
[1.871s] copying resource/oakd_pkg -> /home/minashigo/ros2_ws/src/oakd_pkg/install/oakd_pkg/share/ament_index/resource_index/packages
[1.871s] copying package.xml -> /home/minashigo/ros2_ws/src/oakd_pkg/install/oakd_pkg/share/oakd_pkg
[1.872s] running install_egg_info
[1.877s] Copying build/oakd_pkg/oakd_pkg.egg-info to /home/minashigo/ros2_ws/src/oakd_pkg/install/oakd_pkg/lib/python3.10/site-packages/oakd_pkg-0.0.0-py3.10.egg-info
[1.879s] running install_scripts
[1.921s] Installing image_topic_test script to /home/minashigo/ros2_ws/src/oakd_pkg/install/oakd_pkg/lib/oakd_pkg
[1.921s] Installing yolo_detection script to /home/minashigo/ros2_ws/src/oakd_pkg/install/oakd_pkg/lib/oakd_pkg
[1.922s] writing list of installed files to '/home/minashigo/ros2_ws/src/oakd_pkg/build/oakd_pkg/install.log'
[1.979s] Invoked command in '/home/minashigo/ros2_ws/src/oakd_pkg' returned '0': PYTHONPATH=/home/minashigo/ros2_ws/src/oakd_pkg/build/oakd_pkg/prefix_override:/usr/lib/python3/dist-packages/colcon_core/task/python/colcon_distutils_commands:/home/minashigo/ros2_ws/src/oakd_pkg/install/oakd_pkg/lib/python3.10/site-packages:${PYTHONPATH} /usr/bin/python3 -W ignore:setup.py install is deprecated setup.py egg_info --egg-base build/oakd_pkg build --build-base /home/minashigo/ros2_ws/src/oakd_pkg/build/oakd_pkg/build install --record /home/minashigo/ros2_ws/src/oakd_pkg/build/oakd_pkg/install.log --single-version-externally-managed install_data
